<?xml version="1.0" encoding="UTF-8"?>
<!-- Generated by org.testng.reporters.JUnitReportReporter -->
<testsuite skipped="0" hostname="SRIVASTAVA-PC" name="testng_practice_1_aug_2018.Dependent" tests="3" failures="0" timestamp="10 Jan 2019 16:15:12 GMT" time="0.046" errors="0">
  <testcase name="SignIn" time="0.002" classname="testng_practice_1_aug_2018.Dependent"/>
  <testcase name="LogOut" time="0.003" classname="testng_practice_1_aug_2018.Dependent"/>
  <testcase name="OpenBrowser" time="0.041" classname="testng_practice_1_aug_2018.Dependent"/>
</testsuite> <!-- testng_practice_1_aug_2018.Dependent -->
