<?xml version="1.0" encoding="UTF-8"?>
<!-- Generated by org.testng.reporters.JUnitReportReporter -->
<testsuite skipped="0" hostname="BDC4-L-5465DLY" name="testng_practice_1_aug_2018.DataProviderTest" tests="2" failures="0" timestamp="21 Aug 2018 09:45:56 GMT" time="20.572" errors="0">
  <testcase name="test" time="10.378" classname="testng_practice_1_aug_2018.DataProviderTest"/>
  <testcase name="test" time="10.194" classname="testng_practice_1_aug_2018.DataProviderTest"/>
</testsuite> <!-- testng_practice_1_aug_2018.DataProviderTest -->
