<?xml version="1.0" encoding="UTF-8"?>
<!-- Generated by org.testng.reporters.JUnitReportReporter -->
<testsuite hostname="pravin" name="com.seleniumdemo19.Keyword_action_example" tests="1" failures="0" timestamp="17 Nov 2020 11:42:10 GMT" time="4.218" errors="0">
  <testcase name="login" time="4.218" classname="com.seleniumdemo19.Keyword_action_example"/>
</testsuite> <!-- com.seleniumdemo19.Keyword_action_example -->
