<?xml version="1.0" encoding="UTF-8"?>
<!-- Generated by org.testng.reporters.JUnitReportReporter -->
<testsuite hostname="pravin" name="com.seleniumdemo11.Grouping" tests="5" failures="0" timestamp="17 Nov 2020 06:17:37 GMT" time="0.021" errors="0">
  <testcase name="Scooter2" time="0.000" classname="com.seleniumdemo11.Grouping"/>
  <testcase name="Scooter1" time="0.003" classname="com.seleniumdemo11.Grouping"/>
  <testcase name="Car2" time="0.000" classname="com.seleniumdemo11.Grouping"/>
  <testcase name="Sedan1" time="0.002" classname="com.seleniumdemo11.Grouping"/>
  <testcase name="Car1" time="0.016" classname="com.seleniumdemo11.Grouping"/>
</testsuite> <!-- com.seleniumdemo11.Grouping -->
