<?xml version="1.0" encoding="UTF-8"?>
<!-- Generated by org.testng.reporters.JUnitReportReporter -->
<testsuite hostname="pravin" name="com.seleniumdemo1.Hello_selenium" tests="4" failures="0" timestamp="17 Nov 2020 04:24:37 GMT" time="24.587" errors="0">
  <testcase name="launch_browser" time="7.041" classname="com.seleniumdemo1.Hello_selenium"/>
  <testcase name="registartion" time="9.310" classname="com.seleniumdemo1.Hello_selenium"/>
  <testcase name="find_flights" time="2.464" classname="com.seleniumdemo1.Hello_selenium"/>
  <testcase name="login" time="5.772" classname="com.seleniumdemo1.Hello_selenium"/>
</testsuite> <!-- com.seleniumdemo1.Hello_selenium -->
