<?xml version="1.0" encoding="UTF-8"?>
<!-- Generated by org.testng.reporters.JUnitReportReporter -->
<testsuite hostname="pravin" name="com.seleniumdemo199.Hdfc_netbanking_frame_demo99" tests="1" failures="0" timestamp="18 Nov 2020 09:15:05 GMT" time="6.227" errors="0">
  <testcase name="hdfc_frame" time="6.227" classname="com.seleniumdemo199.Hdfc_netbanking_frame_demo99"/>
</testsuite> <!-- com.seleniumdemo199.Hdfc_netbanking_frame_demo99 -->
