<?xml version="1.0" encoding="UTF-8"?>
<!-- Generated by org.testng.reporters.JUnitReportReporter -->
<testsuite hostname="pravin" name="com.seleniumdemo19.Rediff_create_acc" tests="1" failures="0" timestamp="17 Nov 2020 10:00:24 GMT" time="0.000" errors="0">
  <testcase name="create_acc" time="0.000" classname="com.seleniumdemo19.Rediff_create_acc"/>
</testsuite> <!-- com.seleniumdemo19.Rediff_create_acc -->
