<?xml version="1.0" encoding="UTF-8"?>
<!-- Generated by org.testng.reporters.JUnitReportReporter -->
<testsuite hostname="pravin" name="com.seleniumdemo19.CrossBrowserTestingScript" tests="3" failures="0" timestamp="30 Nov 2020 03:59:20 GMT" time="29.489" errors="0">
  <testcase name="testParameterWithXML" time="16.630" classname="com.seleniumdemo19.CrossBrowserTestingScript"/>
  <testcase name="testParameterWithXML" time="6.518" classname="com.seleniumdemo19.CrossBrowserTestingScript"/>
  <testcase name="testParameterWithXML" time="6.341" classname="com.seleniumdemo19.CrossBrowserTestingScript"/>
</testsuite> <!-- com.seleniumdemo19.CrossBrowserTestingScript -->
