<?xml version="1.0" encoding="UTF-8"?>
<!-- Generated by org.testng.reporters.JUnitReportReporter -->
<testsuite hostname="pravin" name="com.seleniumdemo1.Testng_demo3" tests="3" failures="0" timestamp="17 Nov 2020 04:49:23 GMT" time="0.013" errors="0">
  <testcase name="Test2" time="0.003" classname="com.seleniumdemo1.Testng_demo3"/>
  <testcase name="Test1" time="0.006" classname="com.seleniumdemo1.Testng_demo3"/>
  <testcase name="Test3" time="0.004" classname="com.seleniumdemo1.Testng_demo3"/>
</testsuite> <!-- com.seleniumdemo1.Testng_demo3 -->
