<?xml version="1.0" encoding="UTF-8"?>
<!-- Generated by org.testng.reporters.JUnitReportReporter -->
<testsuite hostname="pravin" name="com.seleniumdemo19.Dependent" tests="3" failures="0" timestamp="27 Nov 2020 10:30:57 GMT" time="0.018" errors="0">
  <testcase name="LogOut" time="0.002" classname="com.seleniumdemo19.Dependent"/>
  <testcase name="OpenBrowser" time="0.013" classname="com.seleniumdemo19.Dependent"/>
  <testcase name="SignIn" time="0.003" classname="com.seleniumdemo19.Dependent"/>
</testsuite> <!-- com.seleniumdemo19.Dependent -->
