<?xml version="1.0" encoding="UTF-8"?>
<!-- Generated by org.testng.reporters.JUnitReportReporter -->
<testsuite hostname="pravin" name="com.seleniumdemo19.Rediff_Webtable" tests="1" failures="0" timestamp="18 Nov 2020 06:48:54 GMT" time="12.146" errors="0">
  <testcase name="rediff_webtable99" time="12.146" classname="com.seleniumdemo19.Rediff_Webtable"/>
</testsuite> <!-- com.seleniumdemo19.Rediff_Webtable -->
