<?xml version="1.0" encoding="UTF-8"?>
<!-- Generated by org.testng.reporters.JUnitReportReporter -->
<testsuite hostname="pravin" name="com.seleniumdemo19.DataProviderTest99" tests="3" failures="0" timestamp="18 Nov 2020 04:38:53 GMT" time="25.471" errors="0">
  <testcase name="test99" time="8.728" classname="com.seleniumdemo19.DataProviderTest99"/>
  <testcase name="test99" time="9.293" classname="com.seleniumdemo19.DataProviderTest99"/>
  <testcase name="test99" time="7.450" classname="com.seleniumdemo19.DataProviderTest99"/>
</testsuite> <!-- com.seleniumdemo19.DataProviderTest99 -->
