<?xml version="1.0" encoding="UTF-8"?>
<!-- Generated by org.testng.reporters.JUnitReportReporter -->
<testsuite hostname="pravin" name="com.seleniumdemo19.Testng_demo2" tests="3" failures="0" timestamp="18 Nov 2020 04:25:00 GMT" time="0.008" errors="0">
  <testcase name="facebook" time="0.006" classname="com.seleniumdemo19.Testng_demo2"/>
  <testcase name="gmail" time="0.001" classname="com.seleniumdemo19.Testng_demo2"/>
  <testcase name="google" time="0.001" classname="com.seleniumdemo19.Testng_demo2"/>
</testsuite> <!-- com.seleniumdemo19.Testng_demo2 -->
