<?xml version="1.0" encoding="UTF-8"?>
<!-- Generated by org.testng.reporters.JUnitReportReporter -->
<testsuite hostname="pravin" name="com.seleniumdemo19.HTMLUnitDemo1" tests="1" failures="0" timestamp="30 Nov 2020 04:14:55 GMT" time="12.930" errors="0">
  <testcase name="headlessbrowser" time="12.930" classname="com.seleniumdemo19.HTMLUnitDemo1"/>
</testsuite> <!-- com.seleniumdemo19.HTMLUnitDemo1 -->
