<?xml version="1.0" encoding="UTF-8"?>
<!-- Generated by org.testng.reporters.JUnitReportReporter -->
<testsuite hostname="pravin" name="com.seleniumdemo19.Hdfc_netbanking_frame_demo" tests="1" failures="0" timestamp="17 Nov 2020 10:00:24 GMT" time="14.450" errors="0">
  <testcase name="hdfc_frame" time="14.450" classname="com.seleniumdemo19.Hdfc_netbanking_frame_demo"/>
</testsuite> <!-- com.seleniumdemo19.Hdfc_netbanking_frame_demo -->
