<?xml version="1.0" encoding="UTF-8"?>
<!-- Generated by org.testng.reporters.JUnitReportReporter -->
<testsuite hostname="pravin" name="com.seleniumdemo19.Capture_screenshot_by_using_method" tests="1" failures="0" timestamp="19 Nov 2020 04:26:19 GMT" time="10.700" errors="0">
  <testcase name="capturescreen" time="10.700" classname="com.seleniumdemo19.Capture_screenshot_by_using_method"/>
</testsuite> <!-- com.seleniumdemo19.Capture_screenshot_by_using_method -->
