<?xml version="1.0" encoding="UTF-8"?>
<!-- Generated by org.testng.reporters.JUnitReportReporter -->
<testsuite hostname="pravin" name="com.seleniumdemo19.ReadWriteExcel" tests="1" failures="0" timestamp="24 Nov 2020 05:04:10 GMT" time="80.313" errors="0">
  <testcase name="ReadWrite" time="80.313" classname="com.seleniumdemo19.ReadWriteExcel"/>
</testsuite> <!-- com.seleniumdemo19.ReadWriteExcel -->
